<?xml version="1.0" encoding="UTF-8"?>
<testng-results ignored="0" total="1" passed="1" failed="0" skipped="0">
  <reporter-output>
  </reporter-output>
  <suite started-at="2024-04-21T12:00:29 IST" name="Surefire suite" finished-at="2024-04-21T12:00:29 IST" duration-ms="37">
    <groups>
    </groups>
    <test started-at="2024-04-21T12:00:29 IST" name="Surefire test" finished-at="2024-04-21T12:00:29 IST" duration-ms="37">
      <class name="Pooja.PoojaLambdaTest.AppTest">
        <test-method signature="testApp()[pri:0, instance:testApp(Pooja.PoojaLambdaTest.AppTest)]" started-at="2024-04-21T12:00:29 IST" name="testApp" finished-at="2024-04-21T12:00:29 IST" duration-ms="10" status="PASS">
          <reporter-output>
          </reporter-output>
        </test-method> <!-- testApp -->
      </class> <!-- Pooja.PoojaLambdaTest.AppTest -->
    </test> <!-- Surefire test -->
  </suite> <!-- Surefire suite -->
</testng-results>
